INFO:aiogram.dispatcher:Start polling
INFO:aiogram.dispatcher:Run polling for bot @SovtrudGorbushkaBot id=6674597359 - 'gorbushka'
INFO:aiogram.event:Update id=539319193 is handled. Duration 406 ms by bot id=6674597359
INFO:aiogram.event:Update id=539319194 is handled. Duration 125 ms by bot id=6674597359
INFO:aiogram.dispatcher:Polling stopped
INFO:aiogram.dispatcher:Polling stopped for bot @SovtrudGorbushkaBot id=6674597359 - 'gorbushka'
INFO:aiogram.dispatcher:Start polling
INFO:aiogram.dispatcher:Run polling for bot @SovtrudGorbushkaBot id=6674597359 - 'gorbushka'
INFO:aiogram.event:Update id=539319195 is handled. Duration 406 ms by bot id=6674597359
INFO:aiogram.dispatcher:Polling stopped
INFO:aiogram.dispatcher:Polling stopped for bot @SovtrudGorbushkaBot id=6674597359 - 'gorbushka'
INFO:aiogram.dispatcher:Start polling
INFO:aiogram.dispatcher:Run polling for bot @SovtrudGorbushkaBot id=6674597359 - 'gorbushka'
INFO:aiogram.event:Update id=539319196 is handled. Duration 390 ms by bot id=6674597359
INFO:aiogram.event:Update id=539319197 is handled. Duration 125 ms by bot id=6674597359
INFO:aiogram.dispatcher:Polling stopped
INFO:aiogram.dispatcher:Polling stopped for bot @SovtrudGorbushkaBot id=6674597359 - 'gorbushka'
INFO:aiogram.dispatcher:Start polling
INFO:aiogram.dispatcher:Run polling for bot @SovtrudGorbushkaBot id=6674597359 - 'gorbushka'
INFO:aiogram.event:Update id=539319198 is handled. Duration 375 ms by bot id=6674597359
INFO:aiogram.event:Update id=539319199 is handled. Duration 157 ms by bot id=6674597359
INFO:aiogram.event:Update id=539319200 is handled. Duration 155 ms by bot id=6674597359
INFO:aiogram.event:Update id=539319201 is handled. Duration 125 ms by bot id=6674597359
INFO:aiogram.dispatcher:Polling stopped
INFO:aiogram.dispatcher:Polling stopped for bot @SovtrudGorbushkaBot id=6674597359 - 'gorbushka'
INFO:aiogram.dispatcher:Start polling
INFO:aiogram.dispatcher:Run polling for bot @SovtrudGorbushkaBot id=6674597359 - 'gorbushka'
INFO:aiogram.event:Update id=539319202 is handled. Duration 468 ms by bot id=6674597359
INFO:aiogram.dispatcher:Polling stopped
INFO:aiogram.dispatcher:Polling stopped for bot @SovtrudGorbushkaBot id=6674597359 - 'gorbushka'
INFO:aiogram.dispatcher:Start polling
INFO:aiogram.dispatcher:Run polling for bot @SovtrudGorbushkaBot id=6674597359 - 'gorbushka'
INFO:aiogram.event:Update id=539319203 is handled. Duration 391 ms by bot id=6674597359
INFO:aiogram.dispatcher:Polling stopped
INFO:aiogram.dispatcher:Polling stopped for bot @SovtrudGorbushkaBot id=6674597359 - 'gorbushka'
INFO:aiogram.dispatcher:Start polling
INFO:aiogram.dispatcher:Run polling for bot @SovtrudGorbushkaBot id=6674597359 - 'gorbushka'
INFO:aiogram.event:Update id=539319204 is not handled. Duration 0 ms by bot id=6674597359
INFO:aiogram.event:Update id=539319205 is not handled. Duration 0 ms by bot id=6674597359
INFO:aiogram.dispatcher:Polling stopped
INFO:aiogram.dispatcher:Polling stopped for bot @SovtrudGorbushkaBot id=6674597359 - 'gorbushka'
INFO:aiogram.dispatcher:Start polling
INFO:aiogram.dispatcher:Run polling for bot @SovtrudGorbushkaBot id=6674597359 - 'gorbushka'
INFO:aiogram.event:Update id=539319206 is handled. Duration 405 ms by bot id=6674597359
INFO:aiogram.dispatcher:Polling stopped
INFO:aiogram.dispatcher:Polling stopped for bot @SovtrudGorbushkaBot id=6674597359 - 'gorbushka'
INFO:aiogram.dispatcher:Start polling
INFO:aiogram.dispatcher:Run polling for bot @SovtrudGorbushkaBot id=6674597359 - 'gorbushka'
INFO:aiogram.event:Update id=539319207 is not handled. Duration 0 ms by bot id=6674597359
INFO:aiogram.event:Update id=539319208 is not handled. Duration 0 ms by bot id=6674597359
INFO:aiogram.dispatcher:Polling stopped
INFO:aiogram.dispatcher:Polling stopped for bot @SovtrudGorbushkaBot id=6674597359 - 'gorbushka'
INFO:aiogram.dispatcher:Start polling
INFO:aiogram.dispatcher:Run polling for bot @SovtrudGorbushkaBot id=6674597359 - 'gorbushka'
INFO:aiogram.event:Update id=539319209 is handled. Duration 531 ms by bot id=6674597359
INFO:aiogram.dispatcher:Polling stopped
INFO:aiogram.dispatcher:Polling stopped for bot @SovtrudGorbushkaBot id=6674597359 - 'gorbushka'
INFO:aiogram.dispatcher:Start polling
INFO:aiogram.dispatcher:Run polling for bot @SovtrudGorbushkaBot id=6674597359 - 'gorbushka'
INFO:aiogram.event:Update id=539319210 is handled. Duration 390 ms by bot id=6674597359
INFO:aiogram.dispatcher:Polling stopped
INFO:aiogram.dispatcher:Polling stopped for bot @SovtrudGorbushkaBot id=6674597359 - 'gorbushka'
INFO:aiogram.dispatcher:Start polling
INFO:aiogram.dispatcher:Run polling for bot @SovtrudGorbushkaBot id=6674597359 - 'gorbushka'
INFO:aiogram.event:Update id=539319212 is handled. Duration 375 ms by bot id=6674597359
INFO:aiogram.dispatcher:Polling stopped
INFO:aiogram.dispatcher:Polling stopped for bot @SovtrudGorbushkaBot id=6674597359 - 'gorbushka'
INFO:aiogram.dispatcher:Start polling
INFO:aiogram.dispatcher:Run polling for bot @SovtrudGorbushkaBot id=6674597359 - 'gorbushka'
INFO:aiogram.event:Update id=539319213 is handled. Duration 453 ms by bot id=6674597359
INFO:aiogram.event:Update id=539319214 is handled. Duration 375 ms by bot id=6674597359
INFO:aiogram.dispatcher:Polling stopped
INFO:aiogram.dispatcher:Polling stopped for bot @SovtrudGorbushkaBot id=6674597359 - 'gorbushka'
INFO:aiogram.dispatcher:Start polling
INFO:aiogram.dispatcher:Run polling for bot @SovtrudGorbushkaBot id=6674597359 - 'gorbushka'
INFO:aiogram.event:Update id=539319215 is handled. Duration 390 ms by bot id=6674597359
INFO:aiogram.event:Update id=539319216 is handled. Duration 172 ms by bot id=6674597359
INFO:aiogram.event:Update id=539319217 is handled. Duration 109 ms by bot id=6674597359
INFO:aiogram.event:Update id=539319218 is handled. Duration 140 ms by bot id=6674597359
INFO:aiogram.dispatcher:Polling stopped
INFO:aiogram.dispatcher:Polling stopped for bot @SovtrudGorbushkaBot id=6674597359 - 'gorbushka'
