2023-12-10 13:39:10	debug      core_functions  [22708]	query:SELECT DISTINCT category FROM warehouse ORDER BY category
2023-12-10 13:39:28	debug      core_functions  [22708]	query:SELECT DISTINCT category FROM warehouse ORDER BY category
2023-12-10 13:45:41	debug      core_functions  [20432]	query:SELECT DISTINCT category FROM warehouse ORDER BY category
2023-12-10 13:45:51	debug      core_functions  [20432]	query:SELECT DISTINCT vendor FROM warehouse WHERE category = 'Смартфоны' ORDER BY vendor
2023-12-10 13:53:01	debug      core_functions  [24136]	query:SELECT DISTINCT category FROM warehouse ORDER BY category
2023-12-10 13:53:12	debug      core_functions  [24136]	query:SELECT DISTINCT vendor FROM warehouse WHERE category = 'Смартфоны' ORDER BY vendor
2023-12-10 13:53:20	debug      core_functions  [24136]	query:SELECT description, price FROM warehouse WHERE category = 'Смартфоны' AND vendor = 'IPhone' AND balance > 0 ORDER BY description
2023-12-10 13:54:09	debug      core_functions  [3912]	query:SELECT DISTINCT category FROM warehouse ORDER BY category
2023-12-10 13:54:23	debug      core_functions  [3912]	query:SELECT DISTINCT vendor FROM warehouse WHERE category = 'Смартфоны' ORDER BY vendor
2023-12-10 13:54:35	debug      core_functions  [3912]	query:SELECT description, price FROM warehouse WHERE category = 'Смартфоны' AND vendor = 'IPhone' AND balance > 0 ORDER BY description
2023-12-10 13:56:43	debug      core_functions  [23608]	query:SELECT DISTINCT category FROM warehouse ORDER BY category
2023-12-10 13:57:00	debug      core_functions  [23608]	query:SELECT DISTINCT vendor FROM warehouse WHERE category = 'Смартфоны' ORDER BY vendor
2023-12-10 13:57:06	debug      core_functions  [23608]	query:SELECT description, price FROM warehouse WHERE category = 'Смартфоны' AND vendor = 'IPhone' AND balance > 0 ORDER BY description
2023-12-10 13:58:46	debug      core_functions  [17456]	query:SELECT DISTINCT category FROM warehouse ORDER BY category
2023-12-10 13:58:53	debug      core_functions  [17456]	query:SELECT DISTINCT vendor FROM warehouse WHERE category = 'Смартфоны' ORDER BY vendor
2023-12-10 13:58:59	debug      core_functions  [17456]	query:SELECT description, price FROM warehouse WHERE category = 'Смартфоны' AND vendor = 'IPhone' AND balance > 0 ORDER BY description
2023-12-10 14:04:55	debug      core_functions  [19232]	query:SELECT description, price FROM warehouse WHERE category = 'Смартфоны' AND vendor = 'IPhone' AND balance > 0 ORDER BY description
2023-12-10 14:07:14	debug      core_functions  [19232]	query:SELECT DISTINCT category FROM warehouse ORDER BY category
2023-12-10 14:07:31	debug      core_functions  [19232]	query:SELECT DISTINCT vendor FROM warehouse WHERE category = 'Смартфоны' ORDER BY vendor
2023-12-10 14:07:37	debug      core_functions  [19232]	query:SELECT description, price FROM warehouse WHERE category = 'Смартфоны' AND vendor = 'Xiaomi' AND balance > 0 ORDER BY description
2023-12-10 14:37:37	debug      core_functions  [11580]	query:SELECT description, price FROM warehouse WHERE category = 'Смартфоны' AND vendor = 'Xiaomi' AND balance > 0 ORDER BY description
2023-12-10 14:38:42	debug      core_functions  [23012]	query:SELECT description, price FROM warehouse WHERE category = 'Смартфоны' AND vendor = 'Xiaomi' AND balance > 0 ORDER BY description
2023-12-10 14:40:32	debug      core_functions  [6524]	query:SELECT DISTINCT category FROM warehouse ORDER BY category
2023-12-10 14:40:38	debug      core_functions  [6524]	query:SELECT DISTINCT vendor FROM warehouse WHERE category = 'Смартфоны' ORDER BY vendor
2023-12-10 14:40:42	debug      core_functions  [6524]	query:SELECT description, price FROM warehouse WHERE category = 'Смартфоны' AND vendor = 'Xiaomi' AND balance > 0 ORDER BY description
2023-12-10 14:40:47	debug      core_functions  [6524]	query:SELECT description, price FROM warehouse WHERE category = 'Смартфоны' AND vendor = 'Xiaomi' AND balance > 0 ORDER BY description
2023-12-10 14:40:50	debug      core_functions  [6524]	query:SELECT DISTINCT vendor FROM warehouse WHERE category = 'Смартфоны' ORDER BY vendor
2023-12-10 14:41:03	debug      core_functions  [6524]	query:SELECT description, price FROM warehouse WHERE category = 'Смартфоны' AND vendor = 'Xiaomi' AND balance > 0 ORDER BY description
2023-12-10 14:45:56	debug      core_functions  [7504]	query:SELECT description, price FROM warehouse WHERE category = 'Смартфоны' AND vendor = 'Xiaomi' AND balance > 0 ORDER BY description
2023-12-10 14:46:18	debug      core_functions  [7504]	query:SELECT description, price FROM warehouse WHERE category = 'Смартфоны' AND vendor = 'IPhone' AND balance > 0 ORDER BY description
2023-12-10 14:46:37	debug      core_functions  [7504]	query:SELECT DISTINCT category FROM warehouse ORDER BY category
2023-12-10 14:46:59	debug      core_functions  [7504]	query:SELECT DISTINCT vendor FROM warehouse WHERE category = 'Смартфоны' ORDER BY vendor
2023-12-10 14:47:06	debug      core_functions  [7504]	query:SELECT description, price FROM warehouse WHERE category = 'Смартфоны' AND vendor = 'Xiaomi' AND balance > 0 ORDER BY description
2023-12-10 14:47:17	debug      core_functions  [7504]	query:SELECT description, price FROM warehouse WHERE category = 'Смартфоны' AND vendor = 'IPhone' AND balance > 0 ORDER BY description
2023-12-10 15:17:15	debug      core_functions  [12444]	query:SELECT DISTINCT category FROM warehouse ORDER BY category
2023-12-10 15:18:07	debug      core_functions  [25028]	query:SELECT DISTINCT category FROM warehouse ORDER BY category
2023-12-10 15:23:31	debug      core_functions  [17364]	query:SELECT DISTINCT category FROM warehouse ORDER BY category
2023-12-10 15:24:06	debug      core_functions  [17364]	query:SELECT DISTINCT category FROM warehouse ORDER BY category
2023-12-10 15:24:13	debug      core_functions  [17364]	query:SELECT DISTINCT vendor FROM warehouse WHERE category = 'Смартфоны' ORDER BY vendor
2023-12-10 15:24:21	debug      core_functions  [17364]	query:SELECT description, price FROM warehouse WHERE category = 'Смартфоны' AND vendor = 'Samsung' AND balance > 0 ORDER BY description
